# JRE version: Java(TM) SE Runtime Environment (8.0_144-b01) (build 1.8.0_144-b01)
# Java VM: Java HotSpot(TM) 64-Bit Server VM (25.144-b01 mixed mode linux-amd64 compressed oops)
Heap:
 PSYoungGen      total 564224K, used 0K [0x00000000d6580000, 0x0000000100000000, 0x0000000100000000)
  eden space 457216K, 0% used [0x00000000d6580000,0x00000000d6580000,0x00000000f2400000)
  from space 107008K, 0% used [0x00000000f9280000,0x00000000f9280000,0x00000000ffb00000)
  to   space 112640K, 0% used [0x00000000f2400000,0x00000000f2400000,0x00000000f9200000)
 ParOldGen       total 341504K, used 314189K [0x0000000083000000, 0x0000000097d80000, 0x00000000d6580000)
  object space 341504K, 92% used [0x0000000083000000,0x00000000962d35d0,0x0000000097d80000)
 Metaspace       used 10317K, capacity 10484K, committed 10624K, reserved 1058816K
  class space    used 1066K, capacity 1072K, committed 1152K, reserved 1048576K
GC Heap History (10 events):
Event: 82.936 GC heap after
Heap after GC invocations=6 (full 0):
 PSYoungGen      total 332800K, used 60886K [0x00000000d6580000, 0x00000000ef780000, 0x0000000100000000)
  eden space 257024K, 0% used [0x00000000d6580000,0x00000000d6580000,0x00000000e6080000)
  from space 75776K, 80% used [0x00000000ead80000,0x00000000ee8f5be0,0x00000000ef780000)
  to   space 77312K, 0% used [0x00000000e6080000,0x00000000e6080000,0x00000000eac00000)
 ParOldGen       total 341504K, used 180786K [0x0000000083000000, 0x0000000097d80000, 0x00000000d6580000)
  object space 341504K, 52% used [0x0000000083000000,0x000000008e08cbf8,0x0000000097d80000)
 Metaspace       used 7599K, capacity 8436K, committed 8704K, reserved 1056768K
  class space    used 885K, capacity 944K, committed 1024K, reserved 1048576K
}
Event: 131.871 GC heap before
{Heap before GC invocations=7 (full 0):
 PSYoungGen      total 332800K, used 317910K [0x00000000d6580000, 0x00000000ef780000, 0x0000000100000000)
  eden space 257024K, 100% used [0x00000000d6580000,0x00000000e6080000,0x00000000e6080000)
  from space 75776K, 80% used [0x00000000ead80000,0x00000000ee8f5be0,0x00000000ef780000)
  to   space 77312K, 0% used [0x00000000e6080000,0x00000000e6080000,0x00000000eac00000)
 ParOldGen       total 341504K, used 180786K [0x0000000083000000, 0x0000000097d80000, 0x00000000d6580000)
  object space 341504K, 52% used [0x0000000083000000,0x000000008e08cbf8,0x0000000097d80000)
 Metaspace       used 8929K, capacity 9556K, committed 9728K, reserved 1058816K
  class space    used 956K, capacity 976K, committed 1024K, reserved 1048576K
Event: 154.697 GC heap after
Heap after GC invocations=7 (full 0):
 PSYoungGen      total 334336K, used 77292K [0x00000000d6580000, 0x0000000100000000, 0x0000000100000000)
  eden space 257024K, 0% used [0x00000000d6580000,0x00000000d6580000,0x00000000e6080000)
  from space 77312K, 99% used [0x00000000e6080000,0x00000000eabfb228,0x00000000eac00000)
  to   space 109568K, 0% used [0x00000000f9500000,0x00000000f9500000,0x0000000100000000)
 ParOldGen       total 341504K, used 230909K [0x0000000083000000, 0x0000000097d80000, 0x00000000d6580000)
  object space 341504K, 67% used [0x0000000083000000,0x000000009117f7c0,0x0000000097d80000)
 Metaspace       used 8929K, capacity 9556K, committed 9728K, reserved 1058816K
  class space    used 956K, capacity 976K, committed 1024K, reserved 1048576K
}
Event: 183.557 GC heap before
{Heap before GC invocations=8 (full 0):
 PSYoungGen      total 334336K, used 334316K [0x00000000d6580000, 0x0000000100000000, 0x0000000100000000)
  eden space 257024K, 100% used [0x00000000d6580000,0x00000000e6080000,0x00000000e6080000)
  from space 77312K, 99% used [0x00000000e6080000,0x00000000eabfb228,0x00000000eac00000)
  to   space 109568K, 0% used [0x00000000f9500000,0x00000000f9500000,0x0000000100000000)
 ParOldGen       total 341504K, used 230909K [0x0000000083000000, 0x0000000097d80000, 0x00000000d6580000)
  object space 341504K, 67% used [0x0000000083000000,0x000000009117f7c0,0x0000000097d80000)
 Metaspace       used 10100K, capacity 10292K, committed 10624K, reserved 1058816K
  class space    used 1054K, capacity 1072K, committed 1152K, reserved 1048576K
Event: 183.728 GC heap after
Heap after GC invocations=8 (full 0):
 PSYoungGen      total 572928K, used 78962K [0x00000000d6580000, 0x0000000100000000, 0x0000000100000000)
  eden space 463360K, 0% used [0x00000000d6580000,0x00000000d6580000,0x00000000f2a00000)
  from space 109568K, 72% used [0x00000000f9500000,0x00000000fe21c838,0x0000000100000000)
  to   space 109568K, 0% used [0x00000000f2a00000,0x00000000f2a00000,0x00000000f9500000)
 ParOldGen       total 341504K, used 231309K [0x0000000083000000, 0x0000000097d80000, 0x00000000d6580000)
  object space 341504K, 67% used [0x0000000083000000,0x00000000911e37c0,0x0000000097d80000)
 Metaspace       used 10100K, capacity 10292K, committed 10624K, reserved 1058816K
  class space    used 1054K, capacity 1072K, committed 1152K, reserved 1048576K
}
Event: 188.361 GC heap before
{Heap before GC invocations=9 (full 0):
 PSYoungGen      total 572928K, used 542322K [0x00000000d6580000, 0x0000000100000000, 0x0000000100000000)
  eden space 463360K, 100% used [0x00000000d6580000,0x00000000f2a00000,0x00000000f2a00000)
  from space 109568K, 72% used [0x00000000f9500000,0x00000000fe21c838,0x0000000100000000)
  to   space 109568K, 0% used [0x00000000f2a00000,0x00000000f2a00000,0x00000000f9500000)
 ParOldGen       total 341504K, used 231309K [0x0000000083000000, 0x0000000097d80000, 0x00000000d6580000)
  object space 341504K, 67% used [0x0000000083000000,0x00000000911e37c0,0x0000000097d80000)
 Metaspace       used 10198K, capacity 10420K, committed 10624K, reserved 1058816K
  class space    used 1054K, capacity 1072K, committed 1152K, reserved 1048576K
Event: 191.533 GC heap after
Heap after GC invocations=9 (full 0):
 PSYoungGen      total 523776K, used 60039K [0x00000000d6580000, 0x00000000ffb00000, 0x0000000100000000)
  eden space 463360K, 0% used [0x00000000d6580000,0x00000000d6580000,0x00000000f2a00000)
  from space 60416K, 99% used [0x00000000f2a00000,0x00000000f64a1f10,0x00000000f6500000)
  to   space 107008K, 0% used [0x00000000f9280000,0x00000000f9280000,0x00000000ffb00000)
 ParOldGen       total 341504K, used 254786K [0x0000000083000000, 0x0000000097d80000, 0x00000000d6580000)
  object space 341504K, 74% used [0x0000000083000000,0x00000000928d08b8,0x0000000097d80000)
 Metaspace       used 10198K, capacity 10420K, committed 10624K, reserved 1058816K
  class space    used 1054K, capacity 1072K, committed 1152K, reserved 1048576K
}
Event: 200.823 GC heap before
{Heap before GC invocations=10 (full 0):
 PSYoungGen      total 523776K, used 523399K [0x00000000d6580000, 0x00000000ffb00000, 0x0000000100000000)
  eden space 463360K, 100% used [0x00000000d6580000,0x00000000f2a00000,0x00000000f2a00000)
  from space 60416K, 99% used [0x00000000f2a00000,0x00000000f64a1f10,0x00000000f6500000)
  to   space 107008K, 0% used [0x00000000f9280000,0x00000000f9280000,0x00000000ffb00000)
 ParOldGen       total 341504K, used 254786K [0x0000000083000000, 0x0000000097d80000, 0x00000000d6580000)
  object space 341504K, 74% used [0x0000000083000000,0x00000000928d08b8,0x0000000097d80000)
 Metaspace       used 10317K, capacity 10484K, committed 10624K, reserved 1058816K
  class space    used 1066K, capacity 1072K, committed 1152K, reserved 1048576K
Event: 205.049 GC heap after
Heap after GC invocations=10 (full 0):
 PSYoungGen      total 564224K, used 10398K [0x00000000d6580000, 0x0000000100000000, 0x0000000100000000)
  eden space 457216K, 0% used [0x00000000d6580000,0x00000000d6580000,0x00000000f2400000)
  from space 107008K, 9% used [0x00000000f9280000,0x00000000f9ca78a0,0x00000000ffb00000)
  to   space 112640K, 0% used [0x00000000f2400000,0x00000000f2400000,0x00000000f9200000)
 ParOldGen       total 341504K, used 310035K [0x0000000083000000, 0x0000000097d80000, 0x00000000d6580000)
  object space 341504K, 90% used [0x0000000083000000,0x0000000095ec4e80,0x0000000097d80000)
 Metaspace       used 10317K, capacity 10484K, committed 10624K, reserved 1058816K
  class space    used 1066K, capacity 1072K, committed 1152K, reserved 1048576K
}
Event: 205.211 GC heap before
{Heap before GC invocations=11 (full 1):
 PSYoungGen      total 564224K, used 10398K [0x00000000d6580000, 0x0000000100000000, 0x0000000100000000)
  eden space 457216K, 0% used [0x00000000d6580000,0x00000000d6580000,0x00000000f2400000)
  from space 107008K, 9% used [0x00000000f9280000,0x00000000f9ca78a0,0x00000000ffb00000)
  to   space 112640K, 0% used [0x00000000f2400000,0x00000000f2400000,0x00000000f9200000)
 ParOldGen       total 341504K, used 310035K [0x0000000083000000, 0x0000000097d80000, 0x00000000d6580000)
  object space 341504K, 90% used [0x0000000083000000,0x0000000095ec4e80,0x0000000097d80000)
 Metaspace       used 10317K, capacity 10484K, committed 10624K, reserved 1058816K
  class space    used 1066K, capacity 1072K, committed 1152K, reserved 1048576K

