# JRE version: Java(TM) SE Runtime Environment (8.0_144-b01) (build 1.8.0_144-b01)
# Java VM: Java HotSpot(TM) 64-Bit Server VM (25.144-b01 mixed mode linux-amd64 compressed oops)
Heap:
 PSYoungGen      total 535040K, used 0K [0x00000000d6580000, 0x0000000100000000, 0x0000000100000000)
  eden space 514048K, 0% used [0x00000000d6580000,0x00000000d6580000,0x00000000f5b80000)
  from space 20992K, 0% used [0x00000000f5b80000,0x00000000f5b80000,0x00000000f7000000)
  to   space 129536K, 0% used [0x00000000f8180000,0x00000000f8180000,0x0000000100000000)
 ParOldGen       total 341504K, used 304360K [0x0000000083000000, 0x0000000097d80000, 0x00000000d6580000)
  object space 341504K, 89% used [0x0000000083000000,0x000000009593a138,0x0000000097d80000)
 Metaspace       used 10079K, capacity 10292K, committed 10624K, reserved 1058816K
  class space    used 1054K, capacity 1072K, committed 1152K, reserved 1048576K
GC Heap History (10 events):
Event: 4.904 GC heap after
Heap after GC invocations=1 (full 0):
 PSYoungGen      total 149504K, used 20971K [0x00000000d6580000, 0x00000000e8980000, 0x0000000100000000)
  eden space 128512K, 0% used [0x00000000d6580000,0x00000000d6580000,0x00000000de300000)
  from space 20992K, 99% used [0x00000000de300000,0x00000000df77afc8,0x00000000df780000)
  to   space 20992K, 0% used [0x00000000e7500000,0x00000000e7500000,0x00000000e8980000)
 ParOldGen       total 341504K, used 14913K [0x0000000083000000, 0x0000000097d80000, 0x00000000d6580000)
  object space 341504K, 4% used [0x0000000083000000,0x0000000083e90660,0x0000000097d80000)
 Metaspace       used 7546K, capacity 8404K, committed 8704K, reserved 1056768K
  class space    used 883K, capacity 912K, committed 1024K, reserved 1048576K
}
Event: 6.998 GC heap before
{Heap before GC invocations=2 (full 0):
 PSYoungGen      total 149504K, used 149405K [0x00000000d6580000, 0x00000000e8980000, 0x0000000100000000)
  eden space 128512K, 99% used [0x00000000d6580000,0x00000000de2ec6e0,0x00000000de300000)
  from space 20992K, 99% used [0x00000000de300000,0x00000000df77afc8,0x00000000df780000)
  to   space 20992K, 0% used [0x00000000e7500000,0x00000000e7500000,0x00000000e8980000)
 ParOldGen       total 341504K, used 14913K [0x0000000083000000, 0x0000000097d80000, 0x00000000d6580000)
  object space 341504K, 4% used [0x0000000083000000,0x0000000083e90660,0x0000000097d80000)
 Metaspace       used 7588K, capacity 8404K, committed 8704K, reserved 1056768K
  class space    used 884K, capacity 912K, committed 1024K, reserved 1048576K
Event: 7.085 GC heap after
Heap after GC invocations=2 (full 0):
 PSYoungGen      total 278016K, used 20977K [0x00000000d6580000, 0x00000000e8980000, 0x0000000100000000)
  eden space 257024K, 0% used [0x00000000d6580000,0x00000000d6580000,0x00000000e6080000)
  from space 20992K, 99% used [0x00000000e7500000,0x00000000e897c530,0x00000000e8980000)
  to   space 20992K, 0% used [0x00000000e6080000,0x00000000e6080000,0x00000000e7500000)
 ParOldGen       total 341504K, used 55486K [0x0000000083000000, 0x0000000097d80000, 0x00000000d6580000)
  object space 341504K, 16% used [0x0000000083000000,0x000000008662fb50,0x0000000097d80000)
 Metaspace       used 7588K, capacity 8404K, committed 8704K, reserved 1056768K
  class space    used 884K, capacity 912K, committed 1024K, reserved 1048576K
}
Event: 18.678 GC heap before
{Heap before GC invocations=3 (full 0):
 PSYoungGen      total 278016K, used 273648K [0x00000000d6580000, 0x00000000e8980000, 0x0000000100000000)
  eden space 257024K, 98% used [0x00000000d6580000,0x00000000e5c3fdc0,0x00000000e6080000)
  from space 20992K, 99% used [0x00000000e7500000,0x00000000e897c530,0x00000000e8980000)
  to   space 20992K, 0% used [0x00000000e6080000,0x00000000e6080000,0x00000000e7500000)
 ParOldGen       total 341504K, used 55486K [0x0000000083000000, 0x0000000097d80000, 0x00000000d6580000)
  object space 341504K, 16% used [0x0000000083000000,0x000000008662fb50,0x0000000097d80000)
 Metaspace       used 7591K, capacity 8404K, committed 8704K, reserved 1056768K
  class space    used 884K, capacity 912K, committed 1024K, reserved 1048576K
Event: 18.883 GC heap after
Heap after GC invocations=3 (full 0):
 PSYoungGen      total 278016K, used 20984K [0x00000000d6580000, 0x00000000f8480000, 0x0000000100000000)
  eden space 257024K, 0% used [0x00000000d6580000,0x00000000d6580000,0x00000000e6080000)
  from space 20992K, 99% used [0x00000000e6080000,0x00000000e74fe070,0x00000000e7500000)
  to   space 20992K, 0% used [0x00000000f7000000,0x00000000f7000000,0x00000000f8480000)
 ParOldGen       total 341504K, used 137648K [0x0000000083000000, 0x0000000097d80000, 0x00000000d6580000)
  object space 341504K, 40% used [0x0000000083000000,0x000000008b66c120,0x0000000097d80000)
 Metaspace       used 7591K, capacity 8404K, committed 8704K, reserved 1056768K
  class space    used 884K, capacity 912K, committed 1024K, reserved 1048576K
}
Event: 30.781 GC heap before
{Heap before GC invocations=4 (full 0):
 PSYoungGen      total 278016K, used 278008K [0x00000000d6580000, 0x00000000f8480000, 0x0000000100000000)
  eden space 257024K, 100% used [0x00000000d6580000,0x00000000e6080000,0x00000000e6080000)
  from space 20992K, 99% used [0x00000000e6080000,0x00000000e74fe070,0x00000000e7500000)
  to   space 20992K, 0% used [0x00000000f7000000,0x00000000f7000000,0x00000000f8480000)
 ParOldGen       total 341504K, used 137648K [0x0000000083000000, 0x0000000097d80000, 0x00000000d6580000)
  object space 341504K, 40% used [0x0000000083000000,0x000000008b66c120,0x0000000097d80000)
 Metaspace       used 7592K, capacity 8404K, committed 8704K, reserved 1056768K
  class space    used 884K, capacity 912K, committed 1024K, reserved 1048576K
Event: 31.007 GC heap after
Heap after GC invocations=4 (full 0):
 PSYoungGen      total 535040K, used 20984K [0x00000000d6580000, 0x00000000f8480000, 0x0000000100000000)
  eden space 514048K, 0% used [0x00000000d6580000,0x00000000d6580000,0x00000000f5b80000)
  from space 20992K, 99% used [0x00000000f7000000,0x00000000f847e158,0x00000000f8480000)
  to   space 20992K, 0% used [0x00000000f5b80000,0x00000000f5b80000,0x00000000f7000000)
 ParOldGen       total 341504K, used 219996K [0x0000000083000000, 0x0000000097d80000, 0x00000000d6580000)
  object space 341504K, 64% used [0x0000000083000000,0x00000000906d7010,0x0000000097d80000)
 Metaspace       used 7592K, capacity 8404K, committed 8704K, reserved 1056768K
  class space    used 884K, capacity 912K, committed 1024K, reserved 1048576K
}
Event: 48.871 GC heap before
{Heap before GC invocations=5 (full 0):
 PSYoungGen      total 535040K, used 535032K [0x00000000d6580000, 0x00000000f8480000, 0x0000000100000000)
  eden space 514048K, 100% used [0x00000000d6580000,0x00000000f5b80000,0x00000000f5b80000)
  from space 20992K, 99% used [0x00000000f7000000,0x00000000f847e158,0x00000000f8480000)
  to   space 20992K, 0% used [0x00000000f5b80000,0x00000000f5b80000,0x00000000f7000000)
 ParOldGen       total 341504K, used 219996K [0x0000000083000000, 0x0000000097d80000, 0x00000000d6580000)
  object space 341504K, 64% used [0x0000000083000000,0x00000000906d7010,0x0000000097d80000)
 Metaspace       used 10079K, capacity 10292K, committed 10624K, reserved 1058816K
  class space    used 1054K, capacity 1072K, committed 1152K, reserved 1048576K
Event: 49.168 GC heap after
Heap after GC invocations=5 (full 0):
 PSYoungGen      total 535040K, used 20987K [0x00000000d6580000, 0x0000000100000000, 0x0000000100000000)
  eden space 514048K, 0% used [0x00000000d6580000,0x00000000d6580000,0x00000000f5b80000)
  from space 20992K, 99% used [0x00000000f5b80000,0x00000000f6ffef50,0x00000000f7000000)
  to   space 129536K, 0% used [0x00000000f8180000,0x00000000f8180000,0x0000000100000000)
 ParOldGen       total 341504K, used 286077K [0x0000000083000000, 0x0000000097d80000, 0x00000000d6580000)
  object space 341504K, 83% used [0x0000000083000000,0x000000009475f7d0,0x0000000097d80000)
 Metaspace       used 10079K, capacity 10292K, committed 10624K, reserved 1058816K
  class space    used 1054K, capacity 1072K, committed 1152K, reserved 1048576K
}
Event: 49.168 GC heap before
{Heap before GC invocations=6 (full 1):
 PSYoungGen      total 535040K, used 20987K [0x00000000d6580000, 0x0000000100000000, 0x0000000100000000)
  eden space 514048K, 0% used [0x00000000d6580000,0x00000000d6580000,0x00000000f5b80000)
  from space 20992K, 99% used [0x00000000f5b80000,0x00000000f6ffef50,0x00000000f7000000)
  to   space 129536K, 0% used [0x00000000f8180000,0x00000000f8180000,0x0000000100000000)
 ParOldGen       total 341504K, used 286077K [0x0000000083000000, 0x0000000097d80000, 0x00000000d6580000)
  object space 341504K, 83% used [0x0000000083000000,0x000000009475f7d0,0x0000000097d80000)
 Metaspace       used 10079K, capacity 10292K, committed 10624K, reserved 1058816K
  class space    used 1054K, capacity 1072K, committed 1152K, reserved 1048576K

